# JRE version: Java(TM) SE Runtime Environment (8.0_66-b17) (build 1.8.0_66-b17)
# Java VM: Java HotSpot(TM) 64-Bit Server VM (25.66-b17 mixed mode linux-amd64 compressed oops)
Heap:
 PSYoungGen      total 1673216K, used 1264K [0x0000000715580000, 0x000000077cd80000, 0x00000007c0000000)
  eden space 1650688K, 0% used [0x0000000715580000,0x0000000715580000,0x000000077a180000)
  from space 22528K, 5% used [0x000000077a180000,0x000000077a2bc050,0x000000077b780000)
  to   space 22528K, 0% used [0x000000077b780000,0x000000077b780000,0x000000077cd80000)
 ParOldGen       total 171008K, used 25615K [0x00000005c0000000, 0x00000005ca700000, 0x0000000715580000)
  object space 171008K, 14% used [0x00000005c0000000,0x00000005c1903fc8,0x00000005ca700000)
 Metaspace       used 14937K, capacity 15060K, committed 15360K, reserved 1062912K
  class space    used 1442K, capacity 1498K, committed 1536K, reserved 1048576K
GC Heap History (10 events):
Event: 8.740 GC heap after
Heap after GC invocations=6 (full 0):
 PSYoungGen      total 536576K, used 10340K [0x0000000715580000, 0x0000000737880000, 0x00000007c0000000)
  eden space 516096K, 0% used [0x0000000715580000,0x0000000715580000,0x0000000734d80000)
  from space 20480K, 50% used [0x0000000736480000,0x0000000736e99320,0x0000000737880000)
  to   space 22016K, 0% used [0x0000000734d80000,0x0000000734d80000,0x0000000736300000)
 ParOldGen       total 171008K, used 16225K [0x00000005c0000000, 0x00000005ca700000, 0x0000000715580000)
  object space 171008K, 9% used [0x00000005c0000000,0x00000005c0fd84d8,0x00000005ca700000)
 Metaspace       used 14839K, capacity 14964K, committed 15360K, reserved 1062912K
  class space    used 1434K, capacity 1466K, committed 1536K, reserved 1048576K
}
Event: 10.377 GC heap before
{Heap before GC invocations=7 (full 0):
 PSYoungGen      total 536576K, used 526436K [0x0000000715580000, 0x0000000737880000, 0x00000007c0000000)
  eden space 516096K, 100% used [0x0000000715580000,0x0000000734d80000,0x0000000734d80000)
  from space 20480K, 50% used [0x0000000736480000,0x0000000736e99320,0x0000000737880000)
  to   space 22016K, 0% used [0x0000000734d80000,0x0000000734d80000,0x0000000736300000)
 ParOldGen       total 171008K, used 16225K [0x00000005c0000000, 0x00000005ca700000, 0x0000000715580000)
  object space 171008K, 9% used [0x00000005c0000000,0x00000005c0fd84d8,0x00000005ca700000)
 Metaspace       used 14867K, capacity 15028K, committed 15360K, reserved 1062912K
  class space    used 1435K, capacity 1466K, committed 1536K, reserved 1048576K
Event: 10.463 GC heap after
Heap after GC invocations=7 (full 0):
 PSYoungGen      total 538112K, used 9204K [0x0000000715580000, 0x0000000756f80000, 0x00000007c0000000)
  eden space 516096K, 0% used [0x0000000715580000,0x0000000715580000,0x0000000734d80000)
  from space 22016K, 41% used [0x0000000734d80000,0x000000073567d2d0,0x0000000736300000)
  to   space 21504K, 0% used [0x0000000755a80000,0x0000000755a80000,0x0000000756f80000)
 ParOldGen       total 171008K, used 17515K [0x00000005c0000000, 0x00000005ca700000, 0x0000000715580000)
  object space 171008K, 10% used [0x00000005c0000000,0x00000005c111ad38,0x00000005ca700000)
 Metaspace       used 14867K, capacity 15028K, committed 15360K, reserved 1062912K
  class space    used 1435K, capacity 1466K, committed 1536K, reserved 1048576K
}
Event: 11.123 GC heap before
{Heap before GC invocations=8 (full 0):
 PSYoungGen      total 538112K, used 525300K [0x0000000715580000, 0x0000000756f80000, 0x00000007c0000000)
  eden space 516096K, 100% used [0x0000000715580000,0x0000000734d80000,0x0000000734d80000)
  from space 22016K, 41% used [0x0000000734d80000,0x000000073567d2d0,0x0000000736300000)
  to   space 21504K, 0% used [0x0000000755a80000,0x0000000755a80000,0x0000000756f80000)
 ParOldGen       total 171008K, used 17515K [0x00000005c0000000, 0x00000005ca700000, 0x0000000715580000)
  object space 171008K, 10% used [0x00000005c0000000,0x00000005c111ad38,0x00000005ca700000)
 Metaspace       used 14908K, capacity 15060K, committed 15360K, reserved 1062912K
  class space    used 1441K, capacity 1498K, committed 1536K, reserved 1048576K
Event: 11.222 GC heap after
Heap after GC invocations=8 (full 0):
 PSYoungGen      total 1053184K, used 1200K [0x0000000715580000, 0x0000000757080000, 0x00000007c0000000)
  eden space 1031680K, 0% used [0x0000000715580000,0x0000000715580000,0x0000000754500000)
  from space 21504K, 5% used [0x0000000755a80000,0x0000000755bac090,0x0000000756f80000)
  to   space 22016K, 0% used [0x0000000754500000,0x0000000754500000,0x0000000755a80000)
 ParOldGen       total 171008K, used 25503K [0x00000005c0000000, 0x00000005ca700000, 0x0000000715580000)
  object space 171008K, 14% used [0x00000005c0000000,0x00000005c18e7fc8,0x00000005ca700000)
 Metaspace       used 14908K, capacity 15060K, committed 15360K, reserved 1062912K
  class space    used 1441K, capacity 1498K, committed 1536K, reserved 1048576K
}
Event: 13.359 GC heap before
{Heap before GC invocations=9 (full 0):
 PSYoungGen      total 1053184K, used 1032880K [0x0000000715580000, 0x0000000757080000, 0x00000007c0000000)
  eden space 1031680K, 100% used [0x0000000715580000,0x0000000754500000,0x0000000754500000)
  from space 21504K, 5% used [0x0000000755a80000,0x0000000755bac090,0x0000000756f80000)
  to   space 22016K, 0% used [0x0000000754500000,0x0000000754500000,0x0000000755a80000)
 ParOldGen       total 171008K, used 25503K [0x00000005c0000000, 0x00000005ca700000, 0x0000000715580000)
  object space 171008K, 14% used [0x00000005c0000000,0x00000005c18e7fc8,0x00000005ca700000)
 Metaspace       used 14911K, capacity 15060K, committed 15360K, reserved 1062912K
  class space    used 1441K, capacity 1498K, committed 1536K, reserved 1048576K
Event: 13.409 GC heap after
Heap after GC invocations=9 (full 0):
 PSYoungGen      total 1053696K, used 1248K [0x0000000715580000, 0x000000077cd80000, 0x00000007c0000000)
  eden space 1031680K, 0% used [0x0000000715580000,0x0000000715580000,0x0000000754500000)
  from space 22016K, 5% used [0x0000000754500000,0x0000000754638080,0x0000000755a80000)
  to   space 22528K, 0% used [0x000000077b780000,0x000000077b780000,0x000000077cd80000)
 ParOldGen       total 171008K, used 25567K [0x00000005c0000000, 0x00000005ca700000, 0x0000000715580000)
  object space 171008K, 14% used [0x00000005c0000000,0x00000005c18f7fc8,0x00000005ca700000)
 Metaspace       used 14911K, capacity 15060K, committed 15360K, reserved 1062912K
  class space    used 1441K, capacity 1498K, committed 1536K, reserved 1048576K
}
Event: 15.121 GC heap before
{Heap before GC invocations=10 (full 0):
 PSYoungGen      total 1053696K, used 1032928K [0x0000000715580000, 0x000000077cd80000, 0x00000007c0000000)
  eden space 1031680K, 100% used [0x0000000715580000,0x0000000754500000,0x0000000754500000)
  from space 22016K, 5% used [0x0000000754500000,0x0000000754638080,0x0000000755a80000)
  to   space 22528K, 0% used [0x000000077b780000,0x000000077b780000,0x000000077cd80000)
 ParOldGen       total 171008K, used 25567K [0x00000005c0000000, 0x00000005ca700000, 0x0000000715580000)
  object space 171008K, 14% used [0x00000005c0000000,0x00000005c18f7fc8,0x00000005ca700000)
 Metaspace       used 14937K, capacity 15060K, committed 15360K, reserved 1062912K
  class space    used 1442K, capacity 1498K, committed 1536K, reserved 1048576K
Event: 15.127 GC heap after
Heap after GC invocations=10 (full 0):
 PSYoungGen      total 1673216K, used 1104K [0x0000000715580000, 0x000000077cd80000, 0x00000007c0000000)
  eden space 1650688K, 0% used [0x0000000715580000,0x0000000715580000,0x000000077a180000)
  from space 22528K, 4% used [0x000000077b780000,0x000000077b894070,0x000000077cd80000)
  to   space 22528K, 0% used [0x000000077a180000,0x000000077a180000,0x000000077b780000)
 ParOldGen       total 171008K, used 25583K [0x00000005c0000000, 0x00000005ca700000, 0x0000000715580000)
  object space 171008K, 14% used [0x00000005c0000000,0x00000005c18fbfc8,0x00000005ca700000)
 Metaspace       used 14937K, capacity 15060K, committed 15360K, reserved 1062912K
  class space    used 1442K, capacity 1498K, committed 1536K, reserved 1048576K
}
Event: 18.674 GC heap before
{Heap before GC invocations=11 (full 0):
 PSYoungGen      total 1673216K, used 1651792K [0x0000000715580000, 0x000000077cd80000, 0x00000007c0000000)
  eden space 1650688K, 100% used [0x0000000715580000,0x000000077a180000,0x000000077a180000)
  from space 22528K, 4% used [0x000000077b780000,0x000000077b894070,0x000000077cd80000)
  to   space 22528K, 0% used [0x000000077a180000,0x000000077a180000,0x000000077b780000)
 ParOldGen       total 171008K, used 25583K [0x00000005c0000000, 0x00000005ca700000, 0x0000000715580000)
  object space 171008K, 14% used [0x00000005c0000000,0x00000005c18fbfc8,0x00000005ca700000)
 Metaspace       used 14937K, capacity 15060K, committed 15360K, reserved 1062912K
  class space    used 1442K, capacity 1498K, committed 1536K, reserved 1048576K

