# JRE version: Java(TM) SE Runtime Environment (8.0_66-b17) (build 1.8.0_66-b17)
# Java VM: Java HotSpot(TM) 64-Bit Server VM (25.66-b17 mixed mode linux-amd64 compressed oops)
Heap:
 PSYoungGen      total 1679872K, used 1600K [0x0000000715580000, 0x000000077d980000, 0x00000007c0000000)
  eden space 1651712K, 0% used [0x0000000715580000,0x0000000715580000,0x000000077a280000)
  from space 28160K, 5% used [0x000000077a280000,0x000000077a4100c0,0x000000077be00000)
  to   space 27648K, 0% used [0x000000077be80000,0x000000077be80000,0x000000077d980000)
 ParOldGen       total 171008K, used 37725K [0x00000005c0000000, 0x00000005ca700000, 0x0000000715580000)
  object space 171008K, 22% used [0x00000005c0000000,0x00000005c24d7590,0x00000005ca700000)
 Metaspace       used 15215K, capacity 15458K, committed 15744K, reserved 1062912K
  class space    used 1472K, capacity 1553K, committed 1664K, reserved 1048576K
GC Heap History (10 events):
Event: 14.071 GC heap after
Heap after GC invocations=6 (full 0):
 PSYoungGen      total 543744K, used 10473K [0x0000000715580000, 0x0000000738780000, 0x00000007c0000000)
  eden space 516096K, 0% used [0x0000000715580000,0x0000000715580000,0x0000000734d80000)
  from space 27648K, 37% used [0x0000000736c80000,0x00000007376ba4d8,0x0000000738780000)
  to   space 29696K, 0% used [0x0000000734d80000,0x0000000734d80000,0x0000000736a80000)
 ParOldGen       total 171008K, used 28468K [0x00000005c0000000, 0x00000005ca700000, 0x0000000715580000)
  object space 171008K, 16% used [0x00000005c0000000,0x00000005c1bcd080,0x00000005ca700000)
 Metaspace       used 15139K, capacity 15362K, committed 15616K, reserved 1062912K
  class space    used 1464K, capacity 1521K, committed 1536K, reserved 1048576K
}
Event: 15.462 GC heap before
{Heap before GC invocations=7 (full 0):
 PSYoungGen      total 543744K, used 526569K [0x0000000715580000, 0x0000000738780000, 0x00000007c0000000)
  eden space 516096K, 100% used [0x0000000715580000,0x0000000734d80000,0x0000000734d80000)
  from space 27648K, 37% used [0x0000000736c80000,0x00000007376ba4d8,0x0000000738780000)
  to   space 29696K, 0% used [0x0000000734d80000,0x0000000734d80000,0x0000000736a80000)
 ParOldGen       total 171008K, used 28468K [0x00000005c0000000, 0x00000005ca700000, 0x0000000715580000)
  object space 171008K, 16% used [0x00000005c0000000,0x00000005c1bcd080,0x00000005ca700000)
 Metaspace       used 15145K, capacity 15362K, committed 15616K, reserved 1062912K
  class space    used 1465K, capacity 1521K, committed 1536K, reserved 1048576K
Event: 15.576 GC heap after
Heap after GC invocations=7 (full 0):
 PSYoungGen      total 545792K, used 7571K [0x0000000715580000, 0x0000000757d80000, 0x00000007c0000000)
  eden space 516096K, 0% used [0x0000000715580000,0x0000000715580000,0x0000000734d80000)
  from space 29696K, 25% used [0x0000000734d80000,0x00000007354e4e60,0x0000000736a80000)
  to   space 28672K, 0% used [0x0000000756180000,0x0000000756180000,0x0000000757d80000)
 ParOldGen       total 171008K, used 31481K [0x00000005c0000000, 0x00000005ca700000, 0x0000000715580000)
  object space 171008K, 18% used [0x00000005c0000000,0x00000005c1ebe760,0x00000005ca700000)
 Metaspace       used 15145K, capacity 15362K, committed 15616K, reserved 1062912K
  class space    used 1465K, capacity 1521K, committed 1536K, reserved 1048576K
}
Event: 16.172 GC heap before
{Heap before GC invocations=8 (full 0):
 PSYoungGen      total 545792K, used 523667K [0x0000000715580000, 0x0000000757d80000, 0x00000007c0000000)
  eden space 516096K, 100% used [0x0000000715580000,0x0000000734d80000,0x0000000734d80000)
  from space 29696K, 25% used [0x0000000734d80000,0x00000007354e4e60,0x0000000736a80000)
  to   space 28672K, 0% used [0x0000000756180000,0x0000000756180000,0x0000000757d80000)
 ParOldGen       total 171008K, used 31481K [0x00000005c0000000, 0x00000005ca700000, 0x0000000715580000)
  object space 171008K, 18% used [0x00000005c0000000,0x00000005c1ebe760,0x00000005ca700000)
 Metaspace       used 15148K, capacity 15362K, committed 15616K, reserved 1062912K
  class space    used 1466K, capacity 1521K, committed 1536K, reserved 1048576K
Event: 16.216 GC heap after
Heap after GC invocations=8 (full 0):
 PSYoungGen      total 1060864K, used 1456K [0x0000000715580000, 0x0000000757d80000, 0x00000007c0000000)
  eden space 1032192K, 0% used [0x0000000715580000,0x0000000715580000,0x0000000754580000)
  from space 28672K, 5% used [0x0000000756180000,0x00000007562ec070,0x0000000757d80000)
  to   space 28672K, 0% used [0x0000000754580000,0x0000000754580000,0x0000000756180000)
 ParOldGen       total 171008K, used 37509K [0x00000005c0000000, 0x00000005ca700000, 0x0000000715580000)
  object space 171008K, 21% used [0x00000005c0000000,0x00000005c24a1510,0x00000005ca700000)
 Metaspace       used 15148K, capacity 15362K, committed 15616K, reserved 1062912K
  class space    used 1466K, capacity 1521K, committed 1536K, reserved 1048576K
}
Event: 18.226 GC heap before
{Heap before GC invocations=9 (full 0):
 PSYoungGen      total 1060864K, used 1033648K [0x0000000715580000, 0x0000000757d80000, 0x00000007c0000000)
  eden space 1032192K, 100% used [0x0000000715580000,0x0000000754580000,0x0000000754580000)
  from space 28672K, 5% used [0x0000000756180000,0x00000007562ec070,0x0000000757d80000)
  to   space 28672K, 0% used [0x0000000754580000,0x0000000754580000,0x0000000756180000)
 ParOldGen       total 171008K, used 37509K [0x00000005c0000000, 0x00000005ca700000, 0x0000000715580000)
  object space 171008K, 21% used [0x00000005c0000000,0x00000005c24a1510,0x00000005ca700000)
 Metaspace       used 15189K, capacity 15458K, committed 15744K, reserved 1062912K
  class space    used 1472K, capacity 1553K, committed 1664K, reserved 1048576K
Event: 18.267 GC heap after
Heap after GC invocations=9 (full 0):
 PSYoungGen      total 1060864K, used 1600K [0x0000000715580000, 0x000000077da80000, 0x00000007c0000000)
  eden space 1032192K, 0% used [0x0000000715580000,0x0000000715580000,0x0000000754580000)
  from space 28672K, 5% used [0x0000000754580000,0x0000000754710100,0x0000000756180000)
  to   space 28672K, 0% used [0x000000077be80000,0x000000077be80000,0x000000077da80000)
 ParOldGen       total 171008K, used 37637K [0x00000005c0000000, 0x00000005ca700000, 0x0000000715580000)
  object space 171008K, 22% used [0x00000005c0000000,0x00000005c24c1590,0x00000005ca700000)
 Metaspace       used 15189K, capacity 15458K, committed 15744K, reserved 1062912K
  class space    used 1472K, capacity 1553K, committed 1664K, reserved 1048576K
}
Event: 19.389 GC heap before
{Heap before GC invocations=10 (full 0):
 PSYoungGen      total 1060864K, used 1033792K [0x0000000715580000, 0x000000077da80000, 0x00000007c0000000)
  eden space 1032192K, 100% used [0x0000000715580000,0x0000000754580000,0x0000000754580000)
  from space 28672K, 5% used [0x0000000754580000,0x0000000754710100,0x0000000756180000)
  to   space 28672K, 0% used [0x000000077be80000,0x000000077be80000,0x000000077da80000)
 ParOldGen       total 171008K, used 37637K [0x00000005c0000000, 0x00000005ca700000, 0x0000000715580000)
  object space 171008K, 22% used [0x00000005c0000000,0x00000005c24c1590,0x00000005ca700000)
 Metaspace       used 15189K, capacity 15458K, committed 15744K, reserved 1062912K
  class space    used 1472K, capacity 1553K, committed 1664K, reserved 1048576K
Event: 19.396 GC heap after
Heap after GC invocations=10 (full 0):
 PSYoungGen      total 1679360K, used 1584K [0x0000000715580000, 0x000000077d980000, 0x00000007c0000000)
  eden space 1651712K, 0% used [0x0000000715580000,0x0000000715580000,0x000000077a280000)
  from space 27648K, 5% used [0x000000077be80000,0x000000077c00c090,0x000000077d980000)
  to   space 28160K, 0% used [0x000000077a280000,0x000000077a280000,0x000000077be00000)
 ParOldGen       total 171008K, used 37677K [0x00000005c0000000, 0x00000005ca700000, 0x0000000715580000)
  object space 171008K, 22% used [0x00000005c0000000,0x00000005c24cb590,0x00000005ca700000)
 Metaspace       used 15189K, capacity 15458K, committed 15744K, reserved 1062912K
  class space    used 1472K, capacity 1553K, committed 1664K, reserved 1048576K
}
Event: 33.060 GC heap before
{Heap before GC invocations=11 (full 0):
 PSYoungGen      total 1679360K, used 1653296K [0x0000000715580000, 0x000000077d980000, 0x00000007c0000000)
  eden space 1651712K, 100% used [0x0000000715580000,0x000000077a280000,0x000000077a280000)
  from space 27648K, 5% used [0x000000077be80000,0x000000077c00c090,0x000000077d980000)
  to   space 28160K, 0% used [0x000000077a280000,0x000000077a280000,0x000000077be00000)
 ParOldGen       total 171008K, used 37677K [0x00000005c0000000, 0x00000005ca700000, 0x0000000715580000)
  object space 171008K, 22% used [0x00000005c0000000,0x00000005c24cb590,0x00000005ca700000)
 Metaspace       used 15215K, capacity 15458K, committed 15744K, reserved 1062912K
  class space    used 1472K, capacity 1553K, committed 1664K, reserved 1048576K

