# JRE version: Java(TM) SE Runtime Environment (8.0_66-b17) (build 1.8.0_66-b17)
# Java VM: Java HotSpot(TM) 64-Bit Server VM (25.66-b17 mixed mode linux-amd64 compressed oops)
Heap:
 PSYoungGen      total 1339904K, used 1392K [0x0000000715580000, 0x0000000768680000, 0x00000007c0000000)
  eden space 1318912K, 0% used [0x0000000715580000,0x0000000715580000,0x0000000765d80000)
  from space 20992K, 6% used [0x0000000765d80000,0x0000000765edc050,0x0000000767200000)
  to   space 20480K, 0% used [0x0000000767280000,0x0000000767280000,0x0000000768680000)
 ParOldGen       total 171008K, used 25722K [0x00000005c0000000, 0x00000005ca700000, 0x0000000715580000)
  object space 171008K, 15% used [0x00000005c0000000,0x00000005c191e9d8,0x00000005ca700000)
 Metaspace       used 14971K, capacity 15152K, committed 15360K, reserved 1062912K
  class space    used 1444K, capacity 1502K, committed 1536K, reserved 1048576K
GC Heap History (10 events):
Event: 26.587 GC heap after
Heap after GC invocations=8 (full 0):
 PSYoungGen      total 535040K, used 1152K [0x0000000715580000, 0x0000000737680000, 0x00000007c0000000)
  eden space 515072K, 0% used [0x0000000715580000,0x0000000715580000,0x0000000734c80000)
  from space 19968K, 5% used [0x0000000736100000,0x0000000736220060,0x0000000737480000)
  to   space 20992K, 0% used [0x0000000734c80000,0x0000000734c80000,0x0000000736100000)
 ParOldGen       total 171008K, used 25514K [0x00000005c0000000, 0x00000005ca700000, 0x0000000715580000)
  object space 171008K, 14% used [0x00000005c0000000,0x00000005c18ea9a8,0x00000005ca700000)
 Metaspace       used 14905K, capacity 14992K, committed 15360K, reserved 1062912K
  class space    used 1437K, capacity 1470K, committed 1536K, reserved 1048576K
}
Event: 28.240 GC heap before
{Heap before GC invocations=9 (full 0):
 PSYoungGen      total 535040K, used 516224K [0x0000000715580000, 0x0000000737680000, 0x00000007c0000000)
  eden space 515072K, 100% used [0x0000000715580000,0x0000000734c80000,0x0000000734c80000)
  from space 19968K, 5% used [0x0000000736100000,0x0000000736220060,0x0000000737480000)
  to   space 20992K, 0% used [0x0000000734c80000,0x0000000734c80000,0x0000000736100000)
 ParOldGen       total 171008K, used 25514K [0x00000005c0000000, 0x00000005ca700000, 0x0000000715580000)
  object space 171008K, 14% used [0x00000005c0000000,0x00000005c18ea9a8,0x00000005ca700000)
 Metaspace       used 14920K, capacity 15056K, committed 15360K, reserved 1062912K
  class space    used 1437K, capacity 1470K, committed 1536K, reserved 1048576K
Event: 28.244 GC heap after
Heap after GC invocations=9 (full 0):
 PSYoungGen      total 536064K, used 1152K [0x0000000715580000, 0x000000074a480000, 0x00000007c0000000)
  eden space 515072K, 0% used [0x0000000715580000,0x0000000715580000,0x0000000734c80000)
  from space 20992K, 5% used [0x0000000734c80000,0x0000000734da0060,0x0000000736100000)
  to   space 21504K, 0% used [0x0000000748f80000,0x0000000748f80000,0x000000074a480000)
 ParOldGen       total 171008K, used 25594K [0x00000005c0000000, 0x00000005ca700000, 0x0000000715580000)
  object space 171008K, 14% used [0x00000005c0000000,0x00000005c18fe9d8,0x00000005ca700000)
 Metaspace       used 14920K, capacity 15056K, committed 15360K, reserved 1062912K
  class space    used 1437K, capacity 1470K, committed 1536K, reserved 1048576K
}
Event: 29.041 GC heap before
{Heap before GC invocations=10 (full 0):
 PSYoungGen      total 536064K, used 516224K [0x0000000715580000, 0x000000074a480000, 0x00000007c0000000)
  eden space 515072K, 100% used [0x0000000715580000,0x0000000734c80000,0x0000000734c80000)
  from space 20992K, 5% used [0x0000000734c80000,0x0000000734da0060,0x0000000736100000)
  to   space 21504K, 0% used [0x0000000748f80000,0x0000000748f80000,0x000000074a480000)
 ParOldGen       total 171008K, used 25594K [0x00000005c0000000, 0x00000005ca700000, 0x0000000715580000)
  object space 171008K, 14% used [0x00000005c0000000,0x00000005c18fe9d8,0x00000005ca700000)
 Metaspace       used 14948K, capacity 15088K, committed 15360K, reserved 1062912K
  class space    used 1443K, capacity 1502K, committed 1536K, reserved 1048576K
Event: 29.095 GC heap after
Heap after GC invocations=10 (full 0):
 PSYoungGen      total 845824K, used 1264K [0x0000000715580000, 0x000000074a480000, 0x00000007c0000000)
  eden space 824320K, 0% used [0x0000000715580000,0x0000000715580000,0x0000000747a80000)
  from space 21504K, 5% used [0x0000000748f80000,0x00000007490bc070,0x000000074a480000)
  to   space 21504K, 0% used [0x0000000747a80000,0x0000000747a80000,0x0000000748f80000)
 ParOldGen       total 171008K, used 25610K [0x00000005c0000000, 0x00000005ca700000, 0x0000000715580000)
  object space 171008K, 14% used [0x00000005c0000000,0x00000005c19029d8,0x00000005ca700000)
 Metaspace       used 14948K, capacity 15088K, committed 15360K, reserved 1062912K
  class space    used 1443K, capacity 1502K, committed 1536K, reserved 1048576K
}
Event: 31.594 GC heap before
{Heap before GC invocations=11 (full 0):
 PSYoungGen      total 845824K, used 825584K [0x0000000715580000, 0x000000074a480000, 0x00000007c0000000)
  eden space 824320K, 100% used [0x0000000715580000,0x0000000747a80000,0x0000000747a80000)
  from space 21504K, 5% used [0x0000000748f80000,0x00000007490bc070,0x000000074a480000)
  to   space 21504K, 0% used [0x0000000747a80000,0x0000000747a80000,0x0000000748f80000)
 ParOldGen       total 171008K, used 25610K [0x00000005c0000000, 0x00000005ca700000, 0x0000000715580000)
  object space 171008K, 14% used [0x00000005c0000000,0x00000005c19029d8,0x00000005ca700000)
 Metaspace       used 14948K, capacity 15088K, committed 15360K, reserved 1062912K
  class space    used 1443K, capacity 1502K, committed 1536K, reserved 1048576K
Event: 31.599 GC heap after
Heap after GC invocations=11 (full 0):
 PSYoungGen      total 845824K, used 1136K [0x0000000715580000, 0x0000000768780000, 0x00000007c0000000)
  eden space 824320K, 0% used [0x0000000715580000,0x0000000715580000,0x0000000747a80000)
  from space 21504K, 5% used [0x0000000747a80000,0x0000000747b9c070,0x0000000748f80000)
  to   space 21504K, 0% used [0x0000000767280000,0x0000000767280000,0x0000000768780000)
 ParOldGen       total 171008K, used 25666K [0x00000005c0000000, 0x00000005ca700000, 0x0000000715580000)
  object space 171008K, 15% used [0x00000005c0000000,0x00000005c19109d8,0x00000005ca700000)
 Metaspace       used 14948K, capacity 15088K, committed 15360K, reserved 1062912K
  class space    used 1443K, capacity 1502K, committed 1536K, reserved 1048576K
}
Event: 32.576 GC heap before
{Heap before GC invocations=12 (full 0):
 PSYoungGen      total 845824K, used 825456K [0x0000000715580000, 0x0000000768780000, 0x00000007c0000000)
  eden space 824320K, 100% used [0x0000000715580000,0x0000000747a80000,0x0000000747a80000)
  from space 21504K, 5% used [0x0000000747a80000,0x0000000747b9c070,0x0000000748f80000)
  to   space 21504K, 0% used [0x0000000767280000,0x0000000767280000,0x0000000768780000)
 ParOldGen       total 171008K, used 25666K [0x00000005c0000000, 0x00000005ca700000, 0x0000000715580000)
  object space 171008K, 15% used [0x00000005c0000000,0x00000005c19109d8,0x00000005ca700000)
 Metaspace       used 14951K, capacity 15088K, committed 15360K, reserved 1062912K
  class space    used 1444K, capacity 1502K, committed 1536K, reserved 1048576K
Event: 32.581 GC heap after
Heap after GC invocations=12 (full 0):
 PSYoungGen      total 1339392K, used 1120K [0x0000000715580000, 0x0000000768680000, 0x00000007c0000000)
  eden space 1318912K, 0% used [0x0000000715580000,0x0000000715580000,0x0000000765d80000)
  from space 20480K, 5% used [0x0000000767280000,0x0000000767398060,0x0000000768680000)
  to   space 20992K, 0% used [0x0000000765d80000,0x0000000765d80000,0x0000000767200000)
 ParOldGen       total 171008K, used 25674K [0x00000005c0000000, 0x00000005ca700000, 0x0000000715580000)
  object space 171008K, 15% used [0x00000005c0000000,0x00000005c19129d8,0x00000005ca700000)
 Metaspace       used 14951K, capacity 15088K, committed 15360K, reserved 1062912K
  class space    used 1444K, capacity 1502K, committed 1536K, reserved 1048576K
}
Event: 34.999 GC heap before
{Heap before GC invocations=13 (full 0):
 PSYoungGen      total 1339392K, used 1320032K [0x0000000715580000, 0x0000000768680000, 0x00000007c0000000)
  eden space 1318912K, 100% used [0x0000000715580000,0x0000000765d80000,0x0000000765d80000)
  from space 20480K, 5% used [0x0000000767280000,0x0000000767398060,0x0000000768680000)
  to   space 20992K, 0% used [0x0000000765d80000,0x0000000765d80000,0x0000000767200000)
 ParOldGen       total 171008K, used 25674K [0x00000005c0000000, 0x00000005ca700000, 0x0000000715580000)
  object space 171008K, 15% used [0x00000005c0000000,0x00000005c19129d8,0x00000005ca700000)
 Metaspace       used 14971K, capacity 15152K, committed 15360K, reserved 1062912K
  class space    used 1444K, capacity 1502K, committed 1536K, reserved 1048576K

