# JRE version: Java(TM) SE Runtime Environment (8.0_66-b17) (build 1.8.0_66-b17)
# Java VM: Java HotSpot(TM) 64-Bit Server VM (25.66-b17 mixed mode linux-amd64 compressed oops)
Heap:
 PSYoungGen      total 1346560K, used 1376K [0x0000000715580000, 0x0000000769100000, 0x00000007c0000000)
  eden space 1321472K, 0% used [0x0000000715580000,0x0000000715580000,0x0000000766000000)
  from space 25088K, 5% used [0x0000000766000000,0x0000000766158080,0x0000000767880000)
  to   space 24576K, 0% used [0x0000000767900000,0x0000000767900000,0x0000000769100000)
 ParOldGen       total 171008K, used 37075K [0x00000005c0000000, 0x00000005ca700000, 0x0000000715580000)
  object space 171008K, 21% used [0x00000005c0000000,0x00000005c2434dd8,0x00000005ca700000)
 Metaspace       used 15170K, capacity 15426K, committed 15744K, reserved 1062912K
  class space    used 1470K, capacity 1549K, committed 1664K, reserved 1048576K
GC Heap History (10 events):
Event: 5.871 GC heap after
Heap after GC invocations=8 (full 0):
 PSYoungGen      total 541184K, used 7443K [0x0000000715580000, 0x0000000738080000, 0x00000007c0000000)
  eden space 516096K, 0% used [0x0000000715580000,0x0000000715580000,0x0000000734d80000)
  from space 25088K, 29% used [0x0000000736800000,0x0000000736f44e80,0x0000000738080000)
  to   space 26112K, 0% used [0x0000000734d80000,0x0000000734d80000,0x0000000736700000)
 ParOldGen       total 171008K, used 30864K [0x00000005c0000000, 0x00000005ca700000, 0x0000000715580000)
  object space 171008K, 18% used [0x00000005c0000000,0x00000005c1e24018,0x00000005ca700000)
 Metaspace       used 15047K, capacity 15266K, committed 15360K, reserved 1062912K
  class space    used 1463K, capacity 1517K, committed 1536K, reserved 1048576K
}
Event: 7.039 GC heap before
{Heap before GC invocations=9 (full 0):
 PSYoungGen      total 541184K, used 523539K [0x0000000715580000, 0x0000000738080000, 0x00000007c0000000)
  eden space 516096K, 100% used [0x0000000715580000,0x0000000734d80000,0x0000000734d80000)
  from space 25088K, 29% used [0x0000000736800000,0x0000000736f44e80,0x0000000738080000)
  to   space 26112K, 0% used [0x0000000734d80000,0x0000000734d80000,0x0000000736700000)
 ParOldGen       total 171008K, used 30864K [0x00000005c0000000, 0x00000005ca700000, 0x0000000715580000)
  object space 171008K, 18% used [0x00000005c0000000,0x00000005c1e24018,0x00000005ca700000)
 Metaspace       used 15087K, capacity 15330K, committed 15360K, reserved 1062912K
  class space    used 1464K, capacity 1517K, committed 1536K, reserved 1048576K
Event: 7.057 GC heap after
Heap after GC invocations=9 (full 0):
 PSYoungGen      total 542208K, used 1344K [0x0000000715580000, 0x000000074af00000, 0x00000007c0000000)
  eden space 516096K, 0% used [0x0000000715580000,0x0000000715580000,0x0000000734d80000)
  from space 26112K, 5% used [0x0000000734d80000,0x0000000734ed00c0,0x0000000736700000)
  to   space 26112K, 0% used [0x0000000749580000,0x0000000749580000,0x000000074af00000)
 ParOldGen       total 171008K, used 36891K [0x00000005c0000000, 0x00000005ca700000, 0x0000000715580000)
  object space 171008K, 21% used [0x00000005c0000000,0x00000005c2406dd8,0x00000005ca700000)
 Metaspace       used 15087K, capacity 15330K, committed 15360K, reserved 1062912K
  class space    used 1464K, capacity 1517K, committed 1536K, reserved 1048576K
}
Event: 7.685 GC heap before
{Heap before GC invocations=10 (full 0):
 PSYoungGen      total 542208K, used 517440K [0x0000000715580000, 0x000000074af00000, 0x00000007c0000000)
  eden space 516096K, 100% used [0x0000000715580000,0x0000000734d80000,0x0000000734d80000)
  from space 26112K, 5% used [0x0000000734d80000,0x0000000734ed00c0,0x0000000736700000)
  to   space 26112K, 0% used [0x0000000749580000,0x0000000749580000,0x000000074af00000)
 ParOldGen       total 171008K, used 36891K [0x00000005c0000000, 0x00000005ca700000, 0x0000000715580000)
  object space 171008K, 21% used [0x00000005c0000000,0x00000005c2406dd8,0x00000005ca700000)
 Metaspace       used 15102K, capacity 15330K, committed 15360K, reserved 1062912K
  class space    used 1464K, capacity 1517K, committed 1536K, reserved 1048576K
Event: 7.689 GC heap after
Heap after GC invocations=10 (full 0):
 PSYoungGen      total 851968K, used 1408K [0x0000000715580000, 0x000000074af00000, 0x00000007c0000000)
  eden space 825856K, 0% used [0x0000000715580000,0x0000000715580000,0x0000000747c00000)
  from space 26112K, 5% used [0x0000000749580000,0x00000007496e00c0,0x000000074af00000)
  to   space 26112K, 0% used [0x0000000747c00000,0x0000000747c00000,0x0000000749580000)
 ParOldGen       total 171008K, used 36939K [0x00000005c0000000, 0x00000005ca700000, 0x0000000715580000)
  object space 171008K, 21% used [0x00000005c0000000,0x00000005c2412dd8,0x00000005ca700000)
 Metaspace       used 15102K, capacity 15330K, committed 15360K, reserved 1062912K
  class space    used 1464K, capacity 1517K, committed 1536K, reserved 1048576K
}
Event: 8.997 GC heap before
{Heap before GC invocations=11 (full 0):
 PSYoungGen      total 851968K, used 827264K [0x0000000715580000, 0x000000074af00000, 0x00000007c0000000)
  eden space 825856K, 100% used [0x0000000715580000,0x0000000747c00000,0x0000000747c00000)
  from space 26112K, 5% used [0x0000000749580000,0x00000007496e00c0,0x000000074af00000)
  to   space 26112K, 0% used [0x0000000747c00000,0x0000000747c00000,0x0000000749580000)
 ParOldGen       total 171008K, used 36939K [0x00000005c0000000, 0x00000005ca700000, 0x0000000715580000)
  object space 171008K, 21% used [0x00000005c0000000,0x00000005c2412dd8,0x00000005ca700000)
 Metaspace       used 15143K, capacity 15362K, committed 15488K, reserved 1062912K
  class space    used 1469K, capacity 1549K, committed 1664K, reserved 1048576K
Event: 9.002 GC heap after
Heap after GC invocations=11 (full 0):
 PSYoungGen      total 851968K, used 1488K [0x0000000715580000, 0x0000000769200000, 0x00000007c0000000)
  eden space 825856K, 0% used [0x0000000715580000,0x0000000715580000,0x0000000747c00000)
  from space 26112K, 5% used [0x0000000747c00000,0x0000000747d740d0,0x0000000749580000)
  to   space 25600K, 0% used [0x0000000767900000,0x0000000767900000,0x0000000769200000)
 ParOldGen       total 171008K, used 36963K [0x00000005c0000000, 0x00000005ca700000, 0x0000000715580000)
  object space 171008K, 21% used [0x00000005c0000000,0x00000005c2418dd8,0x00000005ca700000)
 Metaspace       used 15143K, capacity 15362K, committed 15488K, reserved 1062912K
  class space    used 1469K, capacity 1549K, committed 1664K, reserved 1048576K
}
Event: 9.882 GC heap before
{Heap before GC invocations=12 (full 0):
 PSYoungGen      total 851968K, used 827344K [0x0000000715580000, 0x0000000769200000, 0x00000007c0000000)
  eden space 825856K, 100% used [0x0000000715580000,0x0000000747c00000,0x0000000747c00000)
  from space 26112K, 5% used [0x0000000747c00000,0x0000000747d740d0,0x0000000749580000)
  to   space 25600K, 0% used [0x0000000767900000,0x0000000767900000,0x0000000769200000)
 ParOldGen       total 171008K, used 36963K [0x00000005c0000000, 0x00000005ca700000, 0x0000000715580000)
  object space 171008K, 21% used [0x00000005c0000000,0x00000005c2418dd8,0x00000005ca700000)
 Metaspace       used 15143K, capacity 15362K, committed 15488K, reserved 1062912K
  class space    used 1469K, capacity 1549K, committed 1664K, reserved 1048576K
Event: 9.886 GC heap after
Heap after GC invocations=12 (full 0):
 PSYoungGen      total 1346048K, used 1456K [0x0000000715580000, 0x0000000769100000, 0x00000007c0000000)
  eden space 1321472K, 0% used [0x0000000715580000,0x0000000715580000,0x0000000766000000)
  from space 24576K, 5% used [0x0000000767900000,0x0000000767a6c0b0,0x0000000769100000)
  to   space 25088K, 0% used [0x0000000766000000,0x0000000766000000,0x0000000767880000)
 ParOldGen       total 171008K, used 37043K [0x00000005c0000000, 0x00000005ca700000, 0x0000000715580000)
  object space 171008K, 21% used [0x00000005c0000000,0x00000005c242cdd8,0x00000005ca700000)
 Metaspace       used 15143K, capacity 15362K, committed 15488K, reserved 1062912K
  class space    used 1469K, capacity 1549K, committed 1664K, reserved 1048576K
}
Event: 20.022 GC heap before
{Heap before GC invocations=13 (full 0):
 PSYoungGen      total 1346048K, used 1322928K [0x0000000715580000, 0x0000000769100000, 0x00000007c0000000)
  eden space 1321472K, 100% used [0x0000000715580000,0x0000000766000000,0x0000000766000000)
  from space 24576K, 5% used [0x0000000767900000,0x0000000767a6c0b0,0x0000000769100000)
  to   space 25088K, 0% used [0x0000000766000000,0x0000000766000000,0x0000000767880000)
 ParOldGen       total 171008K, used 37043K [0x00000005c0000000, 0x00000005ca700000, 0x0000000715580000)
  object space 171008K, 21% used [0x00000005c0000000,0x00000005c242cdd8,0x00000005ca700000)
 Metaspace       used 15170K, capacity 15426K, committed 15744K, reserved 1062912K
  class space    used 1470K, capacity 1549K, committed 1664K, reserved 1048576K

