# JRE version: Java(TM) SE Runtime Environment (8.0_66-b17) (build 1.8.0_66-b17)
# Java VM: Java HotSpot(TM) 64-Bit Server VM (25.66-b17 mixed mode linux-amd64 compressed oops)
Heap:
 PSYoungGen      total 1673216K, used 1328K [0x0000000715580000, 0x000000077cd80000, 0x00000007c0000000)
  eden space 1650688K, 0% used [0x0000000715580000,0x0000000715580000,0x000000077a180000)
  from space 22528K, 5% used [0x000000077a180000,0x000000077a2cc070,0x000000077b780000)
  to   space 22528K, 0% used [0x000000077b780000,0x000000077b780000,0x000000077cd80000)
 ParOldGen       total 171008K, used 25531K [0x00000005c0000000, 0x00000005ca700000, 0x0000000715580000)
  object space 171008K, 14% used [0x00000005c0000000,0x00000005c18eeee8,0x00000005ca700000)
 Metaspace       used 14974K, capacity 15120K, committed 15360K, reserved 1062912K
  class space    used 1442K, capacity 1498K, committed 1536K, reserved 1048576K
GC Heap History (10 events):
Event: 6.103 GC heap after
Heap after GC invocations=6 (full 0):
 PSYoungGen      total 537088K, used 9091K [0x0000000715580000, 0x0000000737980000, 0x00000007c0000000)
  eden space 516096K, 0% used [0x0000000715580000,0x0000000715580000,0x0000000734d80000)
  from space 20992K, 43% used [0x0000000736500000,0x0000000736de0e50,0x0000000737980000)
  to   space 22528K, 0% used [0x0000000734d80000,0x0000000734d80000,0x0000000736380000)
 ParOldGen       total 171008K, used 17423K [0x00000005c0000000, 0x00000005ca700000, 0x0000000715580000)
  object space 171008K, 10% used [0x00000005c0000000,0x00000005c1103c88,0x00000005ca700000)
 Metaspace       used 14836K, capacity 14960K, committed 15360K, reserved 1062912K
  class space    used 1435K, capacity 1466K, committed 1536K, reserved 1048576K
}
Event: 8.876 GC heap before
{Heap before GC invocations=7 (full 0):
 PSYoungGen      total 537088K, used 525187K [0x0000000715580000, 0x0000000737980000, 0x00000007c0000000)
  eden space 516096K, 100% used [0x0000000715580000,0x0000000734d80000,0x0000000734d80000)
  from space 20992K, 43% used [0x0000000736500000,0x0000000736de0e50,0x0000000737980000)
  to   space 22528K, 0% used [0x0000000734d80000,0x0000000734d80000,0x0000000736380000)
 ParOldGen       total 171008K, used 17423K [0x00000005c0000000, 0x00000005ca700000, 0x0000000715580000)
  object space 171008K, 10% used [0x00000005c0000000,0x00000005c1103c88,0x00000005ca700000)
 Metaspace       used 14913K, capacity 15056K, committed 15360K, reserved 1062912K
  class space    used 1441K, capacity 1498K, committed 1536K, reserved 1048576K
Event: 8.950 GC heap after
Heap after GC invocations=7 (full 0):
 PSYoungGen      total 538624K, used 6963K [0x0000000715580000, 0x0000000757080000, 0x00000007c0000000)
  eden space 516096K, 0% used [0x0000000715580000,0x0000000715580000,0x0000000734d80000)
  from space 22528K, 30% used [0x0000000734d80000,0x000000073544ce00,0x0000000736380000)
  to   space 22016K, 0% used [0x0000000755b00000,0x0000000755b00000,0x0000000757080000)
 ParOldGen       total 171008K, used 19504K [0x00000005c0000000, 0x00000005ca700000, 0x0000000715580000)
  object space 171008K, 11% used [0x00000005c0000000,0x00000005c130c138,0x00000005ca700000)
 Metaspace       used 14913K, capacity 15056K, committed 15360K, reserved 1062912K
  class space    used 1441K, capacity 1498K, committed 1536K, reserved 1048576K
}
Event: 9.697 GC heap before
{Heap before GC invocations=8 (full 0):
 PSYoungGen      total 538624K, used 523059K [0x0000000715580000, 0x0000000757080000, 0x00000007c0000000)
  eden space 516096K, 100% used [0x0000000715580000,0x0000000734d80000,0x0000000734d80000)
  from space 22528K, 30% used [0x0000000734d80000,0x000000073544ce00,0x0000000736380000)
  to   space 22016K, 0% used [0x0000000755b00000,0x0000000755b00000,0x0000000757080000)
 ParOldGen       total 171008K, used 19504K [0x00000005c0000000, 0x00000005ca700000, 0x0000000715580000)
  object space 171008K, 11% used [0x00000005c0000000,0x00000005c130c138,0x00000005ca700000)
 Metaspace       used 14913K, capacity 15056K, committed 15360K, reserved 1062912K
  class space    used 1441K, capacity 1498K, committed 1536K, reserved 1048576K
Event: 9.789 GC heap after
Heap after GC invocations=8 (full 0):
 PSYoungGen      total 1053696K, used 1056K [0x0000000715580000, 0x0000000757180000, 0x00000007c0000000)
  eden space 1031680K, 0% used [0x0000000715580000,0x0000000715580000,0x0000000754500000)
  from space 22016K, 4% used [0x0000000755b00000,0x0000000755c08060,0x0000000757080000)
  to   space 22528K, 0% used [0x0000000754500000,0x0000000754500000,0x0000000755b00000)
 ParOldGen       total 171008K, used 25459K [0x00000005c0000000, 0x00000005ca700000, 0x0000000715580000)
  object space 171008K, 14% used [0x00000005c0000000,0x00000005c18dcee8,0x00000005ca700000)
 Metaspace       used 14913K, capacity 15056K, committed 15360K, reserved 1062912K
  class space    used 1441K, capacity 1498K, committed 1536K, reserved 1048576K
}
Event: 11.723 GC heap before
{Heap before GC invocations=9 (full 0):
 PSYoungGen      total 1053696K, used 1032736K [0x0000000715580000, 0x0000000757180000, 0x00000007c0000000)
  eden space 1031680K, 100% used [0x0000000715580000,0x0000000754500000,0x0000000754500000)
  from space 22016K, 4% used [0x0000000755b00000,0x0000000755c08060,0x0000000757080000)
  to   space 22528K, 0% used [0x0000000754500000,0x0000000754500000,0x0000000755b00000)
 ParOldGen       total 171008K, used 25459K [0x00000005c0000000, 0x00000005ca700000, 0x0000000715580000)
  object space 171008K, 14% used [0x00000005c0000000,0x00000005c18dcee8,0x00000005ca700000)
 Metaspace       used 14955K, capacity 15056K, committed 15360K, reserved 1062912K
  class space    used 1442K, capacity 1498K, committed 1536K, reserved 1048576K
Event: 11.775 GC heap after
Heap after GC invocations=9 (full 0):
 PSYoungGen      total 1054208K, used 1264K [0x0000000715580000, 0x000000077cd80000, 0x00000007c0000000)
  eden space 1031680K, 0% used [0x0000000715580000,0x0000000715580000,0x0000000754500000)
  from space 22528K, 5% used [0x0000000754500000,0x000000075463c050,0x0000000755b00000)
  to   space 22528K, 0% used [0x000000077b780000,0x000000077b780000,0x000000077cd80000)
 ParOldGen       total 171008K, used 25491K [0x00000005c0000000, 0x00000005ca700000, 0x0000000715580000)
  object space 171008K, 14% used [0x00000005c0000000,0x00000005c18e4ee8,0x00000005ca700000)
 Metaspace       used 14955K, capacity 15056K, committed 15360K, reserved 1062912K
  class space    used 1442K, capacity 1498K, committed 1536K, reserved 1048576K
}
Event: 15.124 GC heap before
{Heap before GC invocations=10 (full 0):
 PSYoungGen      total 1054208K, used 1032944K [0x0000000715580000, 0x000000077cd80000, 0x00000007c0000000)
  eden space 1031680K, 100% used [0x0000000715580000,0x0000000754500000,0x0000000754500000)
  from space 22528K, 5% used [0x0000000754500000,0x000000075463c050,0x0000000755b00000)
  to   space 22528K, 0% used [0x000000077b780000,0x000000077b780000,0x000000077cd80000)
 ParOldGen       total 171008K, used 25491K [0x00000005c0000000, 0x00000005ca700000, 0x0000000715580000)
  object space 171008K, 14% used [0x00000005c0000000,0x00000005c18e4ee8,0x00000005ca700000)
 Metaspace       used 14974K, capacity 15120K, committed 15360K, reserved 1062912K
  class space    used 1442K, capacity 1498K, committed 1536K, reserved 1048576K
Event: 15.178 GC heap after
Heap after GC invocations=10 (full 0):
 PSYoungGen      total 1673216K, used 1216K [0x0000000715580000, 0x000000077cd80000, 0x00000007c0000000)
  eden space 1650688K, 0% used [0x0000000715580000,0x0000000715580000,0x000000077a180000)
  from space 22528K, 5% used [0x000000077b780000,0x000000077b8b0080,0x000000077cd80000)
  to   space 22528K, 0% used [0x000000077a180000,0x000000077a180000,0x000000077b780000)
 ParOldGen       total 171008K, used 25507K [0x00000005c0000000, 0x00000005ca700000, 0x0000000715580000)
  object space 171008K, 14% used [0x00000005c0000000,0x00000005c18e8ee8,0x00000005ca700000)
 Metaspace       used 14974K, capacity 15120K, committed 15360K, reserved 1062912K
  class space    used 1442K, capacity 1498K, committed 1536K, reserved 1048576K
}
Event: 17.555 GC heap before
{Heap before GC invocations=11 (full 0):
 PSYoungGen      total 1673216K, used 1651904K [0x0000000715580000, 0x000000077cd80000, 0x00000007c0000000)
  eden space 1650688K, 100% used [0x0000000715580000,0x000000077a180000,0x000000077a180000)
  from space 22528K, 5% used [0x000000077b780000,0x000000077b8b0080,0x000000077cd80000)
  to   space 22528K, 0% used [0x000000077a180000,0x000000077a180000,0x000000077b780000)
 ParOldGen       total 171008K, used 25507K [0x00000005c0000000, 0x00000005ca700000, 0x0000000715580000)
  object space 171008K, 14% used [0x00000005c0000000,0x00000005c18e8ee8,0x00000005ca700000)
 Metaspace       used 14974K, capacity 15120K, committed 15360K, reserved 1062912K
  class space    used 1442K, capacity 1498K, committed 1536K, reserved 1048576K

